[Licensing::Module] Trying to connect to existing licensing client channel...
Built from '6000.0/respin/6000.0.71f1-8308b6469260' branch; Version is '6000.0.71f1 (907bc2d768b5) revision 9468866'; Using compiler version '193933523'; Build Type 'Release'
[Licensing::IpcConnector] Successfully connected to: "LicenseClient-86138" at "2026-03-23T03:43:59.5209547Z"
OS: 'Windows 11  (10.0.26200) Professional' Language: 'zh' Physical Memory: 16088 MB
BatchMode: 1, IsHumanControllingUs: 0, StartBugReporterOnCrash: 0, Is64bit: 1
System  architecture: x64
Process architecture: x64
Date: 2026-03-23T03:43:59Z

COMMAND LINE ARGUMENTS:
D:\Software\Unity\6000.0.71f1\Editor\Unity.exe
-batchmode
-projectPath
D:\code\Game Project\ThunderFighterUnity
-executeMethod
ThunderFighter.EditorSetup.CampaignExpansionSetup.Run
-quit
-logFile
D:\code\Game Project\ThunderFighterUnity\campaign-setup.log
Successfully changed project path to: D:\code\Game Project\ThunderFighterUnity
D:/code/Game Project/ThunderFighterUnity
[UnityMemory] Configuration Parameters - Can be set up in boot.config
    "memorysetup-bucket-allocator-granularity=16"
    "memorysetup-bucket-allocator-bucket-count=8"
    "memorysetup-bucket-allocator-block-size=33554432"
    "memorysetup-bucket-allocator-block-count=8"
    "memorysetup-main-allocator-block-size=16777216"
    "memorysetup-thread-allocator-block-size=16777216"
    "memorysetup-gfx-main-allocator-block-size=16777216"
    "memorysetup-gfx-thread-allocator-block-size=16777216"
    "memorysetup-cache-allocator-block-size=4194304"
    "memorysetup-typetree-allocator-block-size=2097152"
    "memorysetup-profiler-bucket-allocator-granularity=16"
    "memorysetup-profiler-bucket-allocator-bucket-count=8"
    "memorysetup-profiler-bucket-allocator-block-size=33554432"
    "memorysetup-profiler-bucket-allocator-block-count=8"
    "memorysetup-profiler-allocator-block-size=16777216"
    "memorysetup-profiler-editor-allocator-block-size=1048576"
    "memorysetup-temp-allocator-size-main=16777216"
    "memorysetup-job-temp-allocator-block-size=2097152"
    "memorysetup-job-temp-allocator-block-size-background=1048576"
    "memorysetup-job-temp-allocator-reduction-small-platforms=262144"
    "memorysetup-allocator-temp-initial-block-size-main=262144"
    "memorysetup-allocator-temp-initial-block-size-worker=262144"
    "memorysetup-temp-allocator-size-background-worker=32768"
    "memorysetup-temp-allocator-size-job-worker=262144"
    "memorysetup-temp-allocator-size-preload-manager=33554432"
    "memorysetup-temp-allocator-size-nav-mesh-worker=65536"
    "memorysetup-temp-allocator-size-audio-worker=65536"
    "memorysetup-temp-allocator-size-cloud-worker=32768"
    "memorysetup-temp-allocator-size-gi-baking-worker=262144"
    "memorysetup-temp-allocator-size-gi-baking-worker=262144"
    "memorysetup-temp-allocator-size-gi-baking-worker=262144"
    "memorysetup-temp-allocator-size-gi-baking-worker=262144"
    "memorysetup-temp-allocator-size-gi-baking-worker=262144"
    "memorysetup-temp-allocator-size-gfx=262144"
Player connection [28984]  Target information:

Player connection [28984]  * "[IP] 192.168.171.1 [Port] 55504 [Flags] 2 [Guid] 4038121764 [EditorId] 4038121764 [Version] 1048832 [Id] WindowsEditor(7,HuangYQ) [Debug] 1 [PackageName] WindowsEditor [ProjectName] Editor" 

Player connection [28984]  * "[IP] 192.168.229.1 [Port] 55504 [Flags] 2 [Guid] 4038121764 [EditorId] 4038121764 [Version] 1048832 [Id] WindowsEditor(7,HuangYQ) [Debug] 1 [PackageName] WindowsEditor [ProjectName] Editor" 

Player connection [28984]  * "[IP] 172.19.192.1 [Port] 55504 [Flags] 2 [Guid] 4038121764 [EditorId] 4038121764 [Version] 1048832 [Id] WindowsEditor(7,HuangYQ) [Debug] 1 [PackageName] WindowsEditor [ProjectName] Editor" 

Player connection [28984]  * "[IP] 198.18.0.1 [Port] 55504 [Flags] 2 [Guid] 4038121764 [EditorId] 4038121764 [Version] 1048832 [Id] WindowsEditor(7,HuangYQ) [Debug] 1 [PackageName] WindowsEditor [ProjectName] Editor" 

Player connection [28984]  * "[IP] 10.108.182.116 [Port] 55504 [Flags] 2 [Guid] 4038121764 [EditorId] 4038121764 [Version] 1048832 [Id] WindowsEditor(7,HuangYQ) [Debug] 1 [PackageName] WindowsEditor [ProjectName] Editor" 

Player connection [28984] Host joined multi-casting on [225.0.0.222:54997]...
Player connection [28984] Host joined alternative multi-casting on [225.0.0.222:34997]...
Input System module state changed to: Initialized.
[Physics::Module] Initialized fallback backend.
[Physics::Module] Id: 0xdecafbad
[Package Manager] Connected to IPC stream "Upm-26652" after 0.4 seconds.
Library Redirect Path: Library/
[Physics::Module] Selected backend.
[Physics::Module] Name: PhysX
[Physics::Module] Id: 0xf2b8ea05
[Physics::Module] SDK Version: 4.1.2
[Physics::Module] Integration Version: 1.0.0
[Physics::Module] Threading Mode: Multi-Threaded
Refreshing native plugins compatible for Editor in 0.00 ms, found 0 plugins.
Preloading 0 native plugins for Editor in 0.00 ms.
Initialize engine version: 6000.0.71f1 (907bc2d768b5)
[Subsystems] Discovering subsystems at path D:/Software/Unity/6000.0.71f1/Editor/Data/Resources/UnitySubsystems
[Subsystems] Discovering subsystems at path D:/code/Game Project/ThunderFighterUnity/Assets
GfxDevice: creating device client; kGfxThreadingModeNonThreaded
Direct3D:
    Version:  Direct3D 11.0 [level 11.1]
    Renderer: NVIDIA GeForce RTX 3050 Laptop GPU (ID=0x25a2)
    Vendor:   NVIDIA
    VRAM:     3962 MB
    Driver:   32.0.15.9159
Initialize mono
Mono path[0] = 'D:/Software/Unity/6000.0.71f1/Editor/Data/Managed'
Mono path[1] = 'D:/Software/Unity/6000.0.71f1/Editor/Data/MonoBleedingEdge/lib/mono/unityjit-win32'
Mono config path = 'D:/Software/Unity/6000.0.71f1/Editor/Data/MonoBleedingEdge/etc'
Using monoOptions --debugger-agent=transport=dt_socket,embedding=1,server=y,suspend=n,address=127.0.0.1:56652
Using cacheserver namespaces - metadata:defaultmetadata, artifacts:defaultartifacts
Using cacheserver namespaces - metadata:defaultmetadata, artifacts:defaultartifacts
ImportWorker Server TCP listen port: 0
AcceleratorClientConnectionCallback - disconnected - :0
Begin MonoManager ReloadAssembly
Registering precompiled unity dll's ...
Register platform support module: D:/Software/Unity/6000.0.71f1/Editor/Data/PlaybackEngines/WindowsStandaloneSupport/UnityEditor.WindowsStandalone.Extensions.dll
Registered in 0.008111 seconds.
- Loaded All Assemblies, in  0.558 seconds
Native extension for WindowsStandalone target not found
[Licensing::Client] Handshaking with LicensingClient:
  Version:                 1.17.4+4293ba1
  Session Id:              34825ff7ddc7454ca2c2ba52516b67a4
  Correlation Id:          e15b07cf374773dadd59e39bbefb87bc
  External correlation Id: 6148934511412096114
  Machine Id:              fpTVStt9Aq9UwHJ/wNPS7aDrrbQ=
[Licensing::Module] Successfully connected to LicensingClient on channel: "LicenseClient-86138" (connect: 0.00s, validation: 0.00s, handshake: 1.78s)
[Licensing::IpcConnector] Successfully connected to: "LicenseClient-86138-notifications" at "2026-03-23T03:44:01.3015342Z"
[Licensing::Module] Error: Access token is unavailable; failed to update
[Licensing::Client] Successfully resolved entitlement details
[Licensing::Module] License group:
  Id: 9072370338148-UnityPersXXXX
  Product: Unity Personal
  Type: Assigned
  Expiration: Unlimited
[Licensing::Client] Successfully updated license, isAsync: True, time: 0.00
[Licensing::Client] Successfully resolved entitlement details
[Licensing::Module] Licensing Background thread has ended after 1.80s
Package Manager log level set to [2]
Mono: successfully reloaded assembly
- Finished resetting the current domain, in  0.459 seconds
Domain Reload Profiling: 1008ms
	BeginReloadAssembly (210ms)
		ExecutionOrderSort (0ms)
		DisableScriptedObjects (0ms)
		BackupInstance (0ms)
		ReleaseScriptingObjects (0ms)
		CreateAndSetChildDomain (1ms)
	RebuildCommonClasses (49ms)
	RebuildNativeTypeToScriptingClass (13ms)
	initialDomainReloadingComplete (77ms)
	LoadAllAssembliesAndSetupDomain (200ms)
		LoadAssemblies (203ms)
		RebuildTransferFunctionScriptingTraits (0ms)
		AnalyzeDomain (196ms)
			TypeCache.Refresh (193ms)
				TypeCache.ScanAssembly (176ms)
			BuildScriptInfoCaches (0ms)
			ResolveRequiredComponents (1ms)
	FinalizeReload (460ms)
		ReleaseScriptCaches (0ms)
		RebuildScriptCaches (0ms)
		SetupLoadedEditorAssemblies (404ms)
			LogAssemblyErrors (0ms)
			InitializePlatformSupportModulesInManaged (33ms)
			SetLoadedEditorAssemblies (4ms)
			BeforeProcessingInitializeOnLoad (69ms)
			ProcessInitializeOnLoadAttributes (206ms)
			ProcessInitializeOnLoadMethodAttributes (91ms)
			AfterProcessingInitializeOnLoad (0ms)
			EditorAssembliesLoaded (0ms)
		ExecutionOrderSort2 (0ms)
		AwakeInstancesAfterBackupRestoration (0ms)
[Licensing::Client] Successfully resolved entitlement details
Application.AssetDatabase Initial Refresh Start
[Package Manager] Restoring resolved packages state from cache
[Licensing::Client] Successfully resolved entitlement details
[Package Manager] Registered 36 packages:
  Built-in packages:
    com.unity.multiplayer.center@1.0.0 (location: D:\code\Game Project\ThunderFighterUnity\Library\PackageCache\com.unity.multiplayer.center@f3fb577b3546)
    com.unity.modules.accessibility@1.0.0 (location: D:\code\Game Project\ThunderFighterUnity\Library\PackageCache\com.unity.modules.accessibility)
    com.unity.modules.ai@1.0.0 (location: D:\code\Game Project\ThunderFighterUnity\Library\PackageCache\com.unity.modules.ai)
    com.unity.modules.androidjni@1.0.0 (location: D:\code\Game Project\ThunderFighterUnity\Library\PackageCache\com.unity.modules.androidjni)
    com.unity.modules.animation@1.0.0 (location: D:\code\Game Project\ThunderFighterUnity\Library\PackageCache\com.unity.modules.animation)
    com.unity.modules.assetbundle@1.0.0 (location: D:\code\Game Project\ThunderFighterUnity\Library\PackageCache\com.unity.modules.assetbundle)
    com.unity.modules.audio@1.0.0 (location: D:\code\Game Project\ThunderFighterUnity\Library\PackageCache\com.unity.modules.audio)
    com.unity.modules.cloth@1.0.0 (location: D:\code\Game Project\ThunderFighterUnity\Library\PackageCache\com.unity.modules.cloth)
    com.unity.modules.director@1.0.0 (location: D:\code\Game Project\ThunderFighterUnity\Library\PackageCache\com.unity.modules.director)
    com.unity.modules.imageconversion@1.0.0 (location: D:\code\Game Project\ThunderFighterUnity\Library\PackageCache\com.unity.modules.imageconversion)
    com.unity.modules.imgui@1.0.0 (location: D:\code\Game Project\ThunderFighterUnity\Library\PackageCache\com.unity.modules.imgui)
    com.unity.modules.jsonserialize@1.0.0 (location: D:\code\Game Project\ThunderFighterUnity\Library\PackageCache\com.unity.modules.jsonserialize)
    com.unity.modules.particlesystem@1.0.0 (location: D:\code\Game Project\ThunderFighterUnity\Library\PackageCache\com.unity.modules.particlesystem)
    com.unity.modules.physics@1.0.0 (location: D:\code\Game Project\ThunderFighterUnity\Library\PackageCache\com.unity.modules.physics)
    com.unity.modules.physics2d@1.0.0 (location: D:\code\Game Project\ThunderFighterUnity\Library\PackageCache\com.unity.modules.physics2d)
    com.unity.modules.screencapture@1.0.0 (location: D:\code\Game Project\ThunderFighterUnity\Library\PackageCache\com.unity.modules.screencapture)
    com.unity.modules.terrain@1.0.0 (location: D:\code\Game Project\ThunderFighterUnity\Library\PackageCache\com.unity.modules.terrain)
    com.unity.modules.terrainphysics@1.0.0 (location: D:\code\Game Project\ThunderFighterUnity\Library\PackageCache\com.unity.modules.terrainphysics)
    com.unity.modules.tilemap@1.0.0 (location: D:\code\Game Project\ThunderFighterUnity\Library\PackageCache\com.unity.modules.tilemap)
    com.unity.modules.ui@1.0.0 (location: D:\code\Game Project\ThunderFighterUnity\Library\PackageCache\com.unity.modules.ui)
    com.unity.modules.uielements@1.0.0 (location: D:\code\Game Project\ThunderFighterUnity\Library\PackageCache\com.unity.modules.uielements)
    com.unity.modules.umbra@1.0.0 (location: D:\code\Game Project\ThunderFighterUnity\Library\PackageCache\com.unity.modules.umbra)
    com.unity.modules.unityanalytics@1.0.0 (location: D:\code\Game Project\ThunderFighterUnity\Library\PackageCache\com.unity.modules.unityanalytics)
    com.unity.modules.unitywebrequest@1.0.0 (location: D:\code\Game Project\ThunderFighterUnity\Library\PackageCache\com.unity.modules.unitywebrequest)
    com.unity.modules.unitywebrequestassetbundle@1.0.0 (location: D:\code\Game Project\ThunderFighterUnity\Library\PackageCache\com.unity.modules.unitywebrequestassetbundle)
    com.unity.modules.unitywebrequestaudio@1.0.0 (location: D:\code\Game Project\ThunderFighterUnity\Library\PackageCache\com.unity.modules.unitywebrequestaudio)
    com.unity.modules.unitywebrequesttexture@1.0.0 (location: D:\code\Game Project\ThunderFighterUnity\Library\PackageCache\com.unity.modules.unitywebrequesttexture)
    com.unity.modules.unitywebrequestwww@1.0.0 (location: D:\code\Game Project\ThunderFighterUnity\Library\PackageCache\com.unity.modules.unitywebrequestwww)
    com.unity.modules.vehicles@1.0.0 (location: D:\code\Game Project\ThunderFighterUnity\Library\PackageCache\com.unity.modules.vehicles)
    com.unity.modules.video@1.0.0 (location: D:\code\Game Project\ThunderFighterUnity\Library\PackageCache\com.unity.modules.video)
    com.unity.modules.vr@1.0.0 (location: D:\code\Game Project\ThunderFighterUnity\Library\PackageCache\com.unity.modules.vr)
    com.unity.modules.wind@1.0.0 (location: D:\code\Game Project\ThunderFighterUnity\Library\PackageCache\com.unity.modules.wind)
    com.unity.modules.xr@1.0.0 (location: D:\code\Game Project\ThunderFighterUnity\Library\PackageCache\com.unity.modules.xr)
    com.unity.ugui@2.0.0 (location: D:\code\Game Project\ThunderFighterUnity\Library\PackageCache\com.unity.ugui@47e51ce530b9)
    com.unity.modules.subsystems@1.0.0 (location: D:\code\Game Project\ThunderFighterUnity\Library\PackageCache\com.unity.modules.subsystems)
    com.unity.modules.hierarchycore@1.0.0 (location: D:\code\Game Project\ThunderFighterUnity\Library\PackageCache\com.unity.modules.hierarchycore)
[Subsystems] No new subsystems found in resolved package list.
[Package Manager] Done registering packages in 0.04 seconds
Starting: D:\Software\Unity\6000.0.71f1\Editor\Data\bee_backend.exe --ipc --defer-dag-verification --dagfile="Library/Bee/1900b0aE.dag" --continue-on-failure --profile="Library/Bee/backend1.traceevents" ScriptAssemblies
WorkingDir: D:/code/Game Project/ThunderFighterUnity
DisplayProgressbar: Compiling Scripts
ExitCode: 0 Duration: 0s130ms
*** Tundra build success (0.07 seconds), 0 items updated, 204 evaluated
AssetDatabase: script compilation time: 0.632339s
Begin MonoManager ReloadAssembly
- Loaded All Assemblies, in  0.504 seconds
Refreshing native plugins compatible for Editor in 0.00 ms, found 0 plugins.
Native extension for WindowsStandalone target not found
Mono: successfully reloaded assembly
- Finished resetting the current domain, in  0.479 seconds
Domain Reload Profiling: 975ms
	BeginReloadAssembly (371ms)
		ExecutionOrderSort (0ms)
		DisableScriptedObjects (17ms)
		BackupInstance (0ms)
		ReleaseScriptingObjects (0ms)
		CreateAndSetChildDomain (151ms)
	RebuildCommonClasses (40ms)
	RebuildNativeTypeToScriptingClass (11ms)
	initialDomainReloadingComplete (36ms)
	LoadAllAssembliesAndSetupDomain (36ms)
		LoadAssemblies (157ms)
		RebuildTransferFunctionScriptingTraits (0ms)
		AnalyzeDomain (25ms)
			TypeCache.Refresh (14ms)
				TypeCache.ScanAssembly (8ms)
			BuildScriptInfoCaches (6ms)
			ResolveRequiredComponents (2ms)
	FinalizeReload (480ms)
		ReleaseScriptCaches (0ms)
		RebuildScriptCaches (0ms)
		SetupLoadedEditorAssemblies (330ms)
			LogAssemblyErrors (0ms)
			InitializePlatformSupportModulesInManaged (21ms)
			SetLoadedEditorAssemblies (2ms)
			BeforeProcessingInitializeOnLoad (132ms)
			ProcessInitializeOnLoadAttributes (124ms)
			ProcessInitializeOnLoadMethodAttributes (24ms)
			AfterProcessingInitializeOnLoad (27ms)
			EditorAssembliesLoaded (0ms)
		ExecutionOrderSort2 (0ms)
		AwakeInstancesAfterBackupRestoration (19ms)
Asset Pipeline Refresh (id=080e2b33b97b47845bf32ee9e1fe6ddb): Total: 1.904 seconds - Initiated by InitialRefreshV2(ForceSynchronousImport)
	Summary:
		Imports: total=0 (actual=0, local cache=0, cache server=0)
		Asset DB Process Time: managed=0 ms, native=683 ms
		Asset DB Callback time: managed=12 ms, native=44 ms
		Scripting: domain reloads=1, domain reload time=506 ms, compile time=634 ms, other=23 ms
		Project Asset Count: scripts=211, non-scripts=174
		Asset File Changes: new=0, changed=0, moved=0, deleted=0
		Scan Filter Count: 0
	InvokeCustomDependenciesCallbacks: 0.001ms
	InvokePackagesCallback: 47.848ms
	ApplyChangesToAssetFolders: 1.696ms
	Scan: 75.918ms
	OnSourceAssetsModified: 0.002ms
	CategorizeAssetsWithTransientArtifact: 1.311ms
	ProcessAssetsWithTransientArtifactChanges: 7.986ms
	CategorizeAssets: 2.577ms
	ImportOutOfDateAssets: 481.124ms (-153.603ms without children)
		CompileScripts: 634.208ms
		ReloadNativeAssets: 0.002ms
		UnloadImportedAssets: 0.153ms
		EnsureUptoDateAssetsAreRegisteredWithGuidPM: 0.087ms
		InitializingProgressBar: 0.003ms
		PostProcessAllAssetNotificationsAddChangedAssets: 0.001ms
		OnDemandSchedulerStart: 0.275ms
	PostProcessAllAssets: 12.337ms
	GatherAllCurrentPrimaryArtifactRevisions: 0.025ms
	UnloadStreamsBegin: 0.231ms
	PersistCurrentRevisions: 0.013ms
	UnloadStreamsEnd: 0.004ms
	GenerateScriptTypeHashes: 0.388ms
	Untracked: 1272.860ms

Application.AssetDatabase Initial Refresh End
Scanning for USB devices : 3.848ms
Initializing Unity extensions:
[MODES] ModeService[none].Initialize
[MODES] ModeService[none].LoadModes
[MODES] Loading mode Default (0) for mode-current-id-ThunderFighterUnity
Unloading 3 Unused Serialized files (Serialized files now loaded: 0)
Unloading 476 unused Assets / (0.9 MB). Loaded Objects now: 986.
Memory consumption went from 87.0 MB to 86.0 MB.
Total: 5.931600 ms (FindLiveObjects: 0.089300 ms CreateObjectMapping: 0.021800 ms MarkObjects: 5.320700 ms  DeleteObjects: 0.495600 ms)

Start importing Assets/Generated/Prefabs/Projectile_Player.prefab using Guid(8a752d35451e73640a912f866f3e2465) (PrefabImporter) -> (artifact id: '29773cbc2f781105acf5081f7d03771c') in 0.0129224 seconds
Refreshing native plugins compatible for Editor in 0.00 ms, found 0 plugins.
Preloading 0 native plugins for Editor in 0.00 ms.
Asset Pipeline Refresh (id=43d51267bb28d964b950ad5507cd2f82): Total: 0.103 seconds - Initiated by StopAssetImportingV2(NoUpdateAssetOptions)
Start importing Assets/Generated/Prefabs/Projectile_Enemy.prefab using Guid(b3a2f58f1629e514db9ef4e41da7d56c) (PrefabImporter) -> (artifact id: '109efa408c1c49c7094db5f96bfba12a') in 0.0056498 seconds
Refreshing native plugins compatible for Editor in 0.00 ms, found 0 plugins.
Preloading 0 native plugins for Editor in 0.00 ms.
Asset Pipeline Refresh (id=f4dc6b683ae7427448e90b971962b7f8): Total: 0.028 seconds - Initiated by StopAssetImportingV2(NoUpdateAssetOptions)
Start importing Assets/Generated/Prefabs/Projectile_Boss.prefab using Guid(00e221a8ce1a65a4b9863dca457aa275) (PrefabImporter) -> (artifact id: '40dffee703c2a8306669df08f65d7daa') in 0.0066475 seconds
Refreshing native plugins compatible for Editor in 0.00 ms, found 0 plugins.
Preloading 0 native plugins for Editor in 0.00 ms.
Asset Pipeline Refresh (id=801b7e2baa32ebd408987f0a2c03988a): Total: 0.021 seconds - Initiated by StopAssetImportingV2(NoUpdateAssetOptions)
Start importing Assets/Generated/Prefabs/Player.prefab using Guid(4e2c66abe02edab49af3af166c84eda0) (PrefabImporter) -> (artifact id: '3c953ef16d8e88612b26992dc2eaa2ae') in 0.0063514 seconds
Refreshing native plugins compatible for Editor in 0.00 ms, found 0 plugins.
Preloading 0 native plugins for Editor in 0.00 ms.
Asset Pipeline Refresh (id=4845b46513950824b9f37d7c17234fba): Total: 0.023 seconds - Initiated by StopAssetImportingV2(NoUpdateAssetOptions)
Start importing Assets/Generated/Prefabs/Enemy_Basic.prefab using Guid(d9aaf168752e066498b1b43474efe3a1) (PrefabImporter) -> (artifact id: '96bb3d0692f456fa5b3c6838239f1c32') in 0.0057924 seconds
Refreshing native plugins compatible for Editor in 0.00 ms, found 0 plugins.
Preloading 0 native plugins for Editor in 0.00 ms.
Asset Pipeline Refresh (id=98ccc0b87c889b745bbe77be12324159): Total: 0.021 seconds - Initiated by StopAssetImportingV2(NoUpdateAssetOptions)
Start importing Assets/Generated/Prefabs/Enemy_Elite.prefab using Guid(54113fb28e0597f44bad267e79e43b06) (PrefabImporter) -> (artifact id: 'd5a92b45d05f1eff498657423ded5127') in 0.0053047 seconds
Refreshing native plugins compatible for Editor in 0.00 ms, found 0 plugins.
Preloading 0 native plugins for Editor in 0.00 ms.
Asset Pipeline Refresh (id=712b34316709ca34daa276bc236d518f): Total: 0.020 seconds - Initiated by StopAssetImportingV2(NoUpdateAssetOptions)
Start importing Assets/Generated/Prefabs/Boss.prefab using Guid(b8eb62a56dfae404ea792ffca72bce53) (PrefabImporter) -> (artifact id: '0690b05011b5f0dc8ec6943daee750c0') in 0.0051083 seconds
Refreshing native plugins compatible for Editor in 0.00 ms, found 0 plugins.
Preloading 0 native plugins for Editor in 0.00 ms.
Asset Pipeline Refresh (id=aa84e72682889814eb14d94c0b511def): Total: 0.020 seconds - Initiated by StopAssetImportingV2(NoUpdateAssetOptions)
Unloading 0 Unused Serialized files (Serialized files now loaded: 0)
Unloading 47 unused Assets / (360.9 KB). Loaded Objects now: 1030.
Memory consumption went from 85.8 MB to 85.4 MB.
Total: 4.302300 ms (FindLiveObjects: 0.056500 ms CreateObjectMapping: 0.010400 ms MarkObjects: 3.992700 ms  DeleteObjects: 0.241400 ms)

Start importing Assets/Generated/Config/WaveConfig_Main.asset using Guid(71ad4b2ff6e861a46858d84133f8fc00) (NativeFormatImporter) -> (artifact id: '5c29a17070c7284e6640c9771483f154') in 0.0036042 seconds
Start importing Assets/Generated/Config/BossPhase_03.asset using Guid(9100394a24c049c418355a76b59259da) (NativeFormatImporter) -> (artifact id: '8cc4c1bb816d2cbb9cc55ab3758fc1ce') in 0.0026215 seconds
Start importing Assets/Generated/Config/WeaponConfig_Enemy.asset using Guid(b5cf4c4d761a1e04fbfef214c3811bc7) (NativeFormatImporter) -> (artifact id: 'ef15f13746f87584145c126cf5c5643e') in 0.0033942 seconds
Start importing Assets/Generated/Config/BossPhase_01.asset using Guid(0805012bb44e2d74f98536b7c18d8080) (NativeFormatImporter) -> (artifact id: '2ae172ed2576cdf3b30be6eb283b8f95') in 0.002455 seconds
Start importing Assets/Generated/Config/EnemyConfig_Basic.asset using Guid(f8a55da794af964499dbc84b8a3f3bf9) (NativeFormatImporter) -> (artifact id: 'a385d1ad55f356ed84cbefe95c2918d8') in 0.0024223 seconds
Start importing Assets/Generated/Config/BossPhase_02.asset using Guid(7916491cf86d40b43add37a91e6d29da) (NativeFormatImporter) -> (artifact id: '6d1c5281bae8b76940bdd7e03b2745cc') in 0.0026024 seconds
Start importing Assets/Generated/Config/EnemyConfig_Elite.asset using Guid(dcdfdf6c5cd69b94cbfc0b89908e97ff) (NativeFormatImporter) -> (artifact id: '8789e4668154518b710768f5ea08d2d2') in 0.0032265 seconds
Start importing Assets/Generated/Config/WeaponConfig_Player.asset using Guid(1d35ebfc00e27674391a92001d6a5941) (NativeFormatImporter) -> (artifact id: '7d940a4dd698821e2a56235250fe8910') in 0.002443 seconds
Refreshing native plugins compatible for Editor in 0.00 ms, found 0 plugins.
Preloading 0 native plugins for Editor in 0.00 ms.
Asset Pipeline Refresh (id=b6d039df487298b43938734b6e7e4f3f): Total: 0.044 seconds - Initiated by StopAssetImportingV2(NoUpdateAssetOptions)
Start importing Assets/Scenes/MainMenu.unity using Guid(4b77dac596646dc47a548f32e73c6091) (DefaultImporter) -> (artifact id: 'b08602b6d7756d77c78f3d9544bb02e0') in 0.0015525 seconds
Refreshing native plugins compatible for Editor in 0.00 ms, found 0 plugins.
Preloading 0 native plugins for Editor in 0.00 ms.
Asset Pipeline Refresh (id=dfc7ac1714898df43a70d7fc70cad075): Total: 0.016 seconds - Initiated by StopAssetImportingV2(NoUpdateAssetOptions)
Unloading 0 Unused Serialized files (Serialized files now loaded: 0)
Unloading 42 unused Assets / (364.2 KB). Loaded Objects now: 991.
Memory consumption went from 86.1 MB to 85.7 MB.
Total: 4.302500 ms (FindLiveObjects: 0.047100 ms CreateObjectMapping: 0.010000 ms MarkObjects: 3.983500 ms  DeleteObjects: 0.260800 ms)

Start importing Assets/Scenes/Level_01.unity using Guid(6595d2e4f8d4e1c46b143264c1de63ff) (DefaultImporter) -> (artifact id: 'caf3a7903d66b7ec102a81ded5e11d70') in 0.0014091 seconds
Refreshing native plugins compatible for Editor in 0.00 ms, found 0 plugins.
Preloading 0 native plugins for Editor in 0.00 ms.
Asset Pipeline Refresh (id=1fc78ba9baeda7a4a8418cef54e029cb): Total: 0.019 seconds - Initiated by StopAssetImportingV2(NoUpdateAssetOptions)
Unloading 0 Unused Serialized files (Serialized files now loaded: 0)
Unloading 79 unused Assets / (370.7 KB). Loaded Objects now: 992.
Memory consumption went from 86.2 MB to 85.9 MB.
Total: 4.839800 ms (FindLiveObjects: 0.040300 ms CreateObjectMapping: 0.009900 ms MarkObjects: 4.476800 ms  DeleteObjects: 0.310900 ms)

Start importing Assets/Scenes/Result.unity using Guid(33a1b0cb46382e64b90d762cb05523c3) (DefaultImporter) -> (artifact id: '022574d930bda15470e6d8c7348485a9') in 0.002044 seconds
Refreshing native plugins compatible for Editor in 0.00 ms, found 0 plugins.
Preloading 0 native plugins for Editor in 0.00 ms.
Asset Pipeline Refresh (id=16176fdc264345542afd2cfab5ddb13c): Total: 0.021 seconds - Initiated by StopAssetImportingV2(NoUpdateAssetOptions)
Asset Pipeline Refresh (id=6053e0e8a8a69cb4899ef5a91866d9a4): Total: 0.017 seconds - Initiated by RefreshV2(NoUpdateAssetOptions)
[ThunderFighter] Auto setup completed.
UnityEngine.Debug:ExtractStackTraceNoAlloc (byte*,int,string)
UnityEngine.StackTraceUtility:ExtractStackTrace ()
UnityEngine.DebugLogHandler:Internal_Log (UnityEngine.LogType,UnityEngine.LogOption,string,UnityEngine.Object)
UnityEngine.DebugLogHandler:LogFormat (UnityEngine.LogType,UnityEngine.Object,string,object[])
UnityEngine.Logger:Log (UnityEngine.LogType,object)
UnityEngine.Debug:Log (object)
ThunderFighter.EditorSetup.ProjectAutoSetup:Run () (at Assets/Editor/ProjectAutoSetup.cs:47)
ThunderFighter.EditorSetup.CampaignExpansionSetup:Run () (at Assets/Editor/CampaignExpansionSetup.cs:28)

(Filename: Assets/Editor/ProjectAutoSetup.cs Line: 47)

Start importing Assets/Generated/Campaign using Guid(f56427789b15e2e4c82e31a4e19e5a36) (DefaultImporter) -> (artifact id: 'be5dbc6a105bf06b73a8ced73e937138') in 0.0047849 seconds
Refreshing native plugins compatible for Editor in 0.00 ms, found 0 plugins.
Preloading 0 native plugins for Editor in 0.00 ms.
Asset Pipeline Refresh (id=7b2cc63e466a1cf49b77088a1aa762d9): Total: 0.023 seconds - Initiated by StopAssetImportingV2(NoUpdateAssetOptions)
Start importing Assets/Generated/Campaign/Config using Guid(4a3669c509955024c83b9c217444e508) (DefaultImporter) -> (artifact id: 'e2acc1a6f1f69bce5912dadbd8adad13') in 0.0060455 seconds
Refreshing native plugins compatible for Editor in 0.00 ms, found 0 plugins.
Preloading 0 native plugins for Editor in 0.00 ms.
Asset Pipeline Refresh (id=541fa9af781338440b08a62a82f443a5): Total: 0.023 seconds - Initiated by StopAssetImportingV2(NoUpdateAssetOptions)
Start importing Assets/Generated/Campaign/Prefabs using Guid(059f9b58e97f2604da612974a8921106) (DefaultImporter) -> (artifact id: '572a70c6c52aec90324bfaaa115514b7') in 0.0032284 seconds
Refreshing native plugins compatible for Editor in 0.00 ms, found 0 plugins.
Preloading 0 native plugins for Editor in 0.00 ms.
Asset Pipeline Refresh (id=a469d81335b41464db5e3b428d4ffb43): Total: 0.020 seconds - Initiated by StopAssetImportingV2(NoUpdateAssetOptions)
Start importing Assets/Resources/Campaign using Guid(a1565b856c79c11478b19cf521d56aa1) (DefaultImporter) -> (artifact id: '7b6d41d52737432c6c12bf0b5fd2c42d') in 0.0042037 seconds
Refreshing native plugins compatible for Editor in 0.00 ms, found 0 plugins.
Preloading 0 native plugins for Editor in 0.00 ms.
Asset Pipeline Refresh (id=14f646f868fefb14dbe50cd160af3a90): Total: 0.026 seconds - Initiated by StopAssetImportingV2(NoUpdateAssetOptions)
Start importing Assets/Generated/Campaign/Config/WaveConfig_Chapter1.asset using Guid(0a5a838fa6826494793bbba26c858e96) (NativeFormatImporter) -> (artifact id: '361401c50fdd2c8221b53f12e7430f6d') in 0.0034341 seconds
Refreshing native plugins compatible for Editor in 0.00 ms, found 0 plugins.
Preloading 0 native plugins for Editor in 0.00 ms.
Asset Pipeline Refresh (id=62881f55e04b1ba4a89d53e5fbe7f1b6): Total: 0.019 seconds - Initiated by StopAssetImportingV2(NoUpdateAssetOptions)
Start importing Assets/Generated/Campaign/Config/WaveConfig_Chapter2.asset using Guid(a2f9af204250b394f95f5eac4b36ffd7) (NativeFormatImporter) -> (artifact id: '2194f5406ec41a6bb2e62c6fb0deb470') in 0.0026739 seconds
Refreshing native plugins compatible for Editor in 0.00 ms, found 0 plugins.
Preloading 0 native plugins for Editor in 0.00 ms.
Asset Pipeline Refresh (id=fa4627b9313347c4a8a80a7f722802f2): Total: 0.019 seconds - Initiated by StopAssetImportingV2(NoUpdateAssetOptions)
Start importing Assets/Generated/Campaign/Config/WaveConfig_Chapter3.asset using Guid(3b7d7be176e8d7b4e99d857caa26ffea) (NativeFormatImporter) -> (artifact id: 'bdff840e2149ecf402dedfea985682a7') in 0.0029256 seconds
Refreshing native plugins compatible for Editor in 0.00 ms, found 0 plugins.
Preloading 0 native plugins for Editor in 0.00 ms.
Asset Pipeline Refresh (id=0e0fa9e3a3d4c014ab107402a6a83f3a): Total: 0.018 seconds - Initiated by StopAssetImportingV2(NoUpdateAssetOptions)
Start importing Assets/Generated/Campaign/Config/Chapter1_Phase_01.asset using Guid(bb32f8e908d20874b8709f18295161c6) (NativeFormatImporter) -> (artifact id: '82d50e483b39966844aea6e62250f50b') in 0.0036683 seconds
Refreshing native plugins compatible for Editor in 0.00 ms, found 0 plugins.
Preloading 0 native plugins for Editor in 0.00 ms.
Asset Pipeline Refresh (id=391602bcfc39108428cce765365842b8): Total: 0.019 seconds - Initiated by StopAssetImportingV2(NoUpdateAssetOptions)
Start importing Assets/Generated/Campaign/Config/Chapter1_Phase_02.asset using Guid(08ba484b52908a2489968008aa063770) (NativeFormatImporter) -> (artifact id: '042002abb2186e02b70b1e16c2de4c8a') in 0.0027033 seconds
Refreshing native plugins compatible for Editor in 0.00 ms, found 0 plugins.
Preloading 0 native plugins for Editor in 0.00 ms.
Asset Pipeline Refresh (id=a4109e458b9427c41a8401f507da1e2f): Total: 0.017 seconds - Initiated by StopAssetImportingV2(NoUpdateAssetOptions)
Start importing Assets/Generated/Campaign/Config/Chapter1_Phase_03.asset using Guid(bfccb5bebb5ca5644adec319e099f706) (NativeFormatImporter) -> (artifact id: 'e8b1acc05fcecb76f3dac9d054f08082') in 0.0025325 seconds
Refreshing native plugins compatible for Editor in 0.00 ms, found 0 plugins.
Preloading 0 native plugins for Editor in 0.00 ms.
Asset Pipeline Refresh (id=ed116f6b33d427f46ad69c6c2dd620d9): Total: 0.017 seconds - Initiated by StopAssetImportingV2(NoUpdateAssetOptions)
Start importing Assets/Generated/Campaign/Config/Chapter2_Phase_01.asset using Guid(dcfbabf221b083a438b98ee4fea4b15d) (NativeFormatImporter) -> (artifact id: '9d3f5ccc00ad91e4ba7ef18e6d41727c') in 0.0027426 seconds
Refreshing native plugins compatible for Editor in 0.00 ms, found 0 plugins.
Preloading 0 native plugins for Editor in 0.00 ms.
Asset Pipeline Refresh (id=68a3d0dd3fae08744ac835db694fd025): Total: 0.016 seconds - Initiated by StopAssetImportingV2(NoUpdateAssetOptions)
Start importing Assets/Generated/Campaign/Config/Chapter2_Phase_02.asset using Guid(8929c43aa307d884fa43890d05f6af81) (NativeFormatImporter) -> (artifact id: 'eb50fd743f1b237a58042261079977f2') in 0.0028786 seconds
Refreshing native plugins compatible for Editor in 0.00 ms, found 0 plugins.
Preloading 0 native plugins for Editor in 0.00 ms.
Asset Pipeline Refresh (id=b71fdb7af39be9b48b12ceec67e5e656): Total: 0.018 seconds - Initiated by StopAssetImportingV2(NoUpdateAssetOptions)
Start importing Assets/Generated/Campaign/Config/Chapter2_Phase_03.asset using Guid(0cfb5158179ace54bbc960877f7a6ec1) (NativeFormatImporter) -> (artifact id: 'e1908fc3f0faf90876b2bad6e5dd4e8d') in 0.003346 seconds
Refreshing native plugins compatible for Editor in 0.00 ms, found 0 plugins.
Preloading 0 native plugins for Editor in 0.00 ms.
Asset Pipeline Refresh (id=e8adc7e92e4d5e247b00bf27be085ebb): Total: 0.017 seconds - Initiated by StopAssetImportingV2(NoUpdateAssetOptions)
Start importing Assets/Generated/Campaign/Config/Chapter3_Phase_01.asset using Guid(149c92551e187e440aa61c04645e9423) (NativeFormatImporter) -> (artifact id: '83d1d7df50e073bd8e8d443aef9ae052') in 0.002938 seconds
Refreshing native plugins compatible for Editor in 0.00 ms, found 0 plugins.
Preloading 0 native plugins for Editor in 0.00 ms.
Asset Pipeline Refresh (id=886afd5ac5cfed642bf5960a1ea9324b): Total: 0.017 seconds - Initiated by StopAssetImportingV2(NoUpdateAssetOptions)
Start importing Assets/Generated/Campaign/Config/Chapter3_Phase_02.asset using Guid(0abd6ad81e8098d47891c6bae57e516d) (NativeFormatImporter) -> (artifact id: 'e13c23dbd7f87de33e3ef52d54bb69d9') in 0.0029452 seconds
Refreshing native plugins compatible for Editor in 0.00 ms, found 0 plugins.
Preloading 0 native plugins for Editor in 0.00 ms.
Asset Pipeline Refresh (id=e62f2804d17f720459ef8953dd484aaf): Total: 0.018 seconds - Initiated by StopAssetImportingV2(NoUpdateAssetOptions)
Start importing Assets/Generated/Campaign/Config/Chapter3_Phase_03.asset using Guid(fb60c6cf1d3e6034d8aeb794fcab70d3) (NativeFormatImporter) -> (artifact id: 'a9ac5ef3532c9a239cb52f0464c2a099') in 0.0030579 seconds
Refreshing native plugins compatible for Editor in 0.00 ms, found 0 plugins.
Preloading 0 native plugins for Editor in 0.00 ms.
Asset Pipeline Refresh (id=41e4944287f22dd4ab5794d0d966499f): Total: 0.018 seconds - Initiated by StopAssetImportingV2(NoUpdateAssetOptions)
Start importing Assets/Generated/Campaign/Prefabs/Boss_Chapter1.prefab using Guid(ee265a6bf85b1f34a872e666abfb0ec0) (PrefabImporter) -> (artifact id: '805d3f1d23bb220e350c5bdc86af0540') in 0.0083825 seconds
Refreshing native plugins compatible for Editor in 0.00 ms, found 0 plugins.
Preloading 0 native plugins for Editor in 0.00 ms.
Asset Pipeline Refresh (id=c8225846494145c45bbab84986573ae4): Total: 0.027 seconds - Initiated by StopAssetImportingV2(NoUpdateAssetOptions)
Start importing Assets/Generated/Campaign/Prefabs/Boss_Chapter2.prefab using Guid(8dc237eaa3ce45840811e6db62232913) (PrefabImporter) -> (artifact id: 'e9022a932750d54395b5de8ae2a7dfc7') in 0.0068379 seconds
Refreshing native plugins compatible for Editor in 0.00 ms, found 0 plugins.
Preloading 0 native plugins for Editor in 0.00 ms.
Asset Pipeline Refresh (id=a38a5e6e6514a1c43bb4e7f65050e11b): Total: 0.025 seconds - Initiated by StopAssetImportingV2(NoUpdateAssetOptions)
Start importing Assets/Generated/Campaign/Prefabs/Boss_Chapter3.prefab using Guid(64ef46aded2ed3b49a0e9cfbbce2beb6) (PrefabImporter) -> (artifact id: '6c4741ce6d014bc93777a81635254200') in 0.0066872 seconds
Refreshing native plugins compatible for Editor in 0.00 ms, found 0 plugins.
Preloading 0 native plugins for Editor in 0.00 ms.
Asset Pipeline Refresh (id=9cbecaa4c61364f478052394416f5051): Total: 0.023 seconds - Initiated by StopAssetImportingV2(NoUpdateAssetOptions)
Start importing Assets/Resources/Campaign/Level_01.asset using Guid(3dbb82b5e54884c4694a0543b381e675) (NativeFormatImporter) -> (artifact id: '030b15ea69d340b1f785361bbab12402') in 0.0025683 seconds
Refreshing native plugins compatible for Editor in 0.00 ms, found 0 plugins.
Preloading 0 native plugins for Editor in 0.00 ms.
Asset Pipeline Refresh (id=ff47c767965ed7e47ada0be3d246a9e2): Total: 0.017 seconds - Initiated by StopAssetImportingV2(NoUpdateAssetOptions)
Start importing Assets/Resources/Campaign/Level_02.asset using Guid(1b963cdfee6135a48830bedf94587aa3) (NativeFormatImporter) -> (artifact id: 'e99087837ec9d7f9744e7b0dddf8042b') in 0.0045306 seconds
Refreshing native plugins compatible for Editor in 0.00 ms, found 0 plugins.
Preloading 0 native plugins for Editor in 0.00 ms.
Asset Pipeline Refresh (id=52a13432ca4808041a2e85d56c2dd280): Total: 0.019 seconds - Initiated by StopAssetImportingV2(NoUpdateAssetOptions)
Start importing Assets/Resources/Campaign/Level_03.asset using Guid(e46873b18bfd268438b9e5473c2d5010) (NativeFormatImporter) -> (artifact id: '84b404f92cfd2b9c92b89ef91a650cba') in 0.0027865 seconds
Refreshing native plugins compatible for Editor in 0.00 ms, found 0 plugins.
Preloading 0 native plugins for Editor in 0.00 ms.
Asset Pipeline Refresh (id=620ba8aae88aacb409056ddcd106d020): Total: 0.017 seconds - Initiated by StopAssetImportingV2(NoUpdateAssetOptions)
Unloading 0 Unused Serialized files (Serialized files now loaded: 0)
Unloading 24 unused Assets / (Unknown). Loaded Objects now: 1078.
Memory consumption went from 86.4 MB to 88.0 MB.
Total: 4.390100 ms (FindLiveObjects: 0.065900 ms CreateObjectMapping: 0.020200 ms MarkObjects: 3.976800 ms  DeleteObjects: 0.324800 ms)

Start importing Assets/Generated/Campaign/Config/WaveConfig_Chapter2.asset using Guid(a2f9af204250b394f95f5eac4b36ffd7) (NativeFormatImporter) -> (artifact id: 'f138dc62719fc9171c8ed2c2e7067852') in 0.0032801 seconds
Start importing Assets/Generated/Campaign/Config/Chapter3_Phase_01.asset using Guid(149c92551e187e440aa61c04645e9423) (NativeFormatImporter) -> (artifact id: '40c244c4e34f9d15ea1ae87cd2f8b83c') in 0.0028642 seconds
Start importing Assets/Resources/Campaign/Level_03.asset using Guid(e46873b18bfd268438b9e5473c2d5010) (NativeFormatImporter) -> (artifact id: '2fc2203d58b6bc6e417b48b9d49cec01') in 0.0023968 seconds
Start importing Assets/Generated/Campaign/Config/Chapter1_Phase_02.asset using Guid(08ba484b52908a2489968008aa063770) (NativeFormatImporter) -> (artifact id: 'a5b9372cfa8ef07821527287c05f9496') in 0.0024546 seconds
Start importing Assets/Generated/Campaign/Config/Chapter2_Phase_02.asset using Guid(8929c43aa307d884fa43890d05f6af81) (NativeFormatImporter) -> (artifact id: 'fefb8e3ffcdcd215ceb82d1af3ade3c5') in 0.002537 seconds
Start importing Assets/Generated/Campaign/Config/WaveConfig_Chapter1.asset using Guid(0a5a838fa6826494793bbba26c858e96) (NativeFormatImporter) -> (artifact id: '3b6d8f2cb8aa172f58e79bbc81053100') in 0.0035045 seconds
Start importing Assets/Generated/Campaign/Config/Chapter3_Phase_02.asset using Guid(0abd6ad81e8098d47891c6bae57e516d) (NativeFormatImporter) -> (artifact id: '4c513259a96ec7931ea2a701c1165e7e') in 0.0042514 seconds
Start importing Assets/Resources/Campaign/Level_02.asset using Guid(1b963cdfee6135a48830bedf94587aa3) (NativeFormatImporter) -> (artifact id: 'b669dcd8a2f9e855067b7e65548a2566') in 0.0025783 seconds
Start importing Assets/Generated/Campaign/Config/WaveConfig_Chapter3.asset using Guid(3b7d7be176e8d7b4e99d857caa26ffea) (NativeFormatImporter) -> (artifact id: '2e6abfe24a44ef635f12d6c46dc39caa') in 0.0029455 seconds
Start importing Assets/Generated/Campaign/Config/Chapter1_Phase_01.asset using Guid(bb32f8e908d20874b8709f18295161c6) (NativeFormatImporter) -> (artifact id: 'bd54eb8a8c58e337bf6bc1b4e0e9f640') in 0.0034215 seconds
Start importing Assets/Generated/Campaign/Config/Chapter3_Phase_03.asset using Guid(fb60c6cf1d3e6034d8aeb794fcab70d3) (NativeFormatImporter) -> (artifact id: 'ccdec6949d71c8359c3cec0e8a119511') in 0.0032704 seconds
Start importing Assets/Generated/Campaign/Config/Chapter2_Phase_03.asset using Guid(0cfb5158179ace54bbc960877f7a6ec1) (NativeFormatImporter) -> (artifact id: 'aaf990b2972fc4a8f5024d64efd73700') in 0.0026379 seconds
Start importing Assets/Generated/Campaign/Config/Chapter2_Phase_01.asset using Guid(dcfbabf221b083a438b98ee4fea4b15d) (NativeFormatImporter) -> (artifact id: 'a3262c403b8117e20bc9ca80638db124') in 0.0033115 seconds
Start importing Assets/Resources/Campaign/Level_01.asset using Guid(3dbb82b5e54884c4694a0543b381e675) (NativeFormatImporter) -> (artifact id: '41201a857181e8387d3a53ff2d8a4c01') in 0.0025294 seconds
Start importing Assets/Generated/Campaign/Config/Chapter1_Phase_03.asset using Guid(bfccb5bebb5ca5644adec319e099f706) (NativeFormatImporter) -> (artifact id: '2ebcaef2b55019451f203bf423fa8f51') in 0.0038382 seconds
Refreshing native plugins compatible for Editor in 0.00 ms, found 0 plugins.
Preloading 0 native plugins for Editor in 0.00 ms.
Asset Pipeline Refresh (id=1696bfbd75d378442a9a7055c569403c): Total: 0.069 seconds - Initiated by StopAssetImportingV2(NoUpdateAssetOptions)
Start importing Assets/Scenes/MainMenu.unity using Guid(4b77dac596646dc47a548f32e73c6091) (DefaultImporter) -> (artifact id: 'a82e3acd14ae95c7e9b1f6fb5c06fc51') in 0.0015968 seconds
Refreshing native plugins compatible for Editor in 0.00 ms, found 0 plugins.
Preloading 0 native plugins for Editor in 0.00 ms.
Asset Pipeline Refresh (id=5f2bcfe0403334341aacabab287b0c7d): Total: 0.017 seconds - Initiated by StopAssetImportingV2(NoUpdateAssetOptions)
Unloading 0 Unused Serialized files (Serialized files now loaded: 0)
Unloading 89 unused Assets / (377.6 KB). Loaded Objects now: 992.
Memory consumption went from 88.1 MB to 87.8 MB.
Total: 4.286600 ms (FindLiveObjects: 0.050000 ms CreateObjectMapping: 0.011300 ms MarkObjects: 3.927500 ms  DeleteObjects: 0.296700 ms)

Start importing Assets/Scenes/ChapterSelect.unity using Guid(cdadd1db0873cd9479a90866a825eb2c) (DefaultImporter) -> (artifact id: '14866e55af640571c6cd86054e00bb30') in 0.0013126 seconds
Refreshing native plugins compatible for Editor in 0.00 ms, found 0 plugins.
Preloading 0 native plugins for Editor in 0.00 ms.
Asset Pipeline Refresh (id=75584d8193dd61144945adb7ef7b9a69): Total: 0.019 seconds - Initiated by StopAssetImportingV2(NoUpdateAssetOptions)
Unloading 0 Unused Serialized files (Serialized files now loaded: 0)
Unloading 3 unused Assets / (354.6 KB). Loaded Objects now: 992.
Memory consumption went from 88.1 MB to 87.7 MB.
Total: 4.941400 ms (FindLiveObjects: 0.123700 ms CreateObjectMapping: 0.023200 ms MarkObjects: 4.542800 ms  DeleteObjects: 0.249800 ms)

Start importing Assets/Scenes/Level_01.unity using Guid(6595d2e4f8d4e1c46b143264c1de63ff) (DefaultImporter) -> (artifact id: '16ad5a2dd442f4abe3cb4a2537d195c7') in 0.0013178 seconds
Refreshing native plugins compatible for Editor in 0.00 ms, found 0 plugins.
Preloading 0 native plugins for Editor in 0.00 ms.
Asset Pipeline Refresh (id=b76531b7ac8228b45a56129374ac37ce): Total: 0.017 seconds - Initiated by StopAssetImportingV2(NoUpdateAssetOptions)
Unloading 0 Unused Serialized files (Serialized files now loaded: 0)
Unloading 79 unused Assets / (370.6 KB). Loaded Objects now: 992.
Memory consumption went from 88.2 MB to 87.8 MB.
Total: 4.580100 ms (FindLiveObjects: 0.047900 ms CreateObjectMapping: 0.010800 ms MarkObjects: 4.239100 ms  DeleteObjects: 0.281100 ms)

Start importing Assets/Scenes/Level_02.unity using Guid(f37ca7d74ed63b543b0891781bff7087) (DefaultImporter) -> (artifact id: '3727a4e2c9083406318bfcb181bfaf48') in 0.0015867 seconds
Refreshing native plugins compatible for Editor in 0.00 ms, found 0 plugins.
Preloading 0 native plugins for Editor in 0.00 ms.
Asset Pipeline Refresh (id=62903f0ab6b8d2349860c9210f8268ed): Total: 0.020 seconds - Initiated by StopAssetImportingV2(NoUpdateAssetOptions)
Unloading 0 Unused Serialized files (Serialized files now loaded: 0)
Unloading 79 unused Assets / (370.6 KB). Loaded Objects now: 992.
Memory consumption went from 88.2 MB to 87.9 MB.
Total: 6.048500 ms (FindLiveObjects: 0.077100 ms CreateObjectMapping: 0.013000 ms MarkObjects: 5.645200 ms  DeleteObjects: 0.311400 ms)

Start importing Assets/Scenes/Level_03.unity using Guid(89a2daef511ef0d4782ff2fd98c14134) (DefaultImporter) -> (artifact id: '33f31210bf0f8657018880fca7c0b6bc') in 0.0017241 seconds
Refreshing native plugins compatible for Editor in 0.00 ms, found 0 plugins.
Preloading 0 native plugins for Editor in 0.00 ms.
Asset Pipeline Refresh (id=be762d00e529ac746a541d4a4d29dc1c): Total: 0.021 seconds - Initiated by StopAssetImportingV2(NoUpdateAssetOptions)
Unloading 0 Unused Serialized files (Serialized files now loaded: 0)
Unloading 79 unused Assets / (370.6 KB). Loaded Objects now: 992.
Memory consumption went from 88.3 MB to 87.9 MB.
Total: 4.532200 ms (FindLiveObjects: 0.049200 ms CreateObjectMapping: 0.011800 ms MarkObjects: 4.136200 ms  DeleteObjects: 0.333600 ms)

Start importing Assets/Scenes/Result.unity using Guid(33a1b0cb46382e64b90d762cb05523c3) (DefaultImporter) -> (artifact id: 'c1dc13f2037df50150c7fbbd4f3f790f') in 0.0016116 seconds
Refreshing native plugins compatible for Editor in 0.00 ms, found 0 plugins.
Preloading 0 native plugins for Editor in 0.00 ms.
Asset Pipeline Refresh (id=4cb6dd34ab92770439749ed846c93904): Total: 0.021 seconds - Initiated by StopAssetImportingV2(NoUpdateAssetOptions)
Start importing ProjectSettings/EditorBuildSettings.asset using Guid(0000000000000000b000000000000000) (LibraryAssetImporter) -> (artifact id: 'eb3a9eda5f4fbcdffb7dd380e46751db') in 0.0036641 seconds
Refreshing native plugins compatible for Editor in 0.00 ms, found 0 plugins.
Preloading 0 native plugins for Editor in 0.00 ms.
Asset Pipeline Refresh (id=77ad67325c807cc4ab1003e5f5932cc6): Total: 0.018 seconds - Initiated by StopAssetImportingV2(NoUpdateAssetOptions)
Asset Pipeline Refresh (id=f7ffd60680674a6479534aba54d46313): Total: 0.018 seconds - Initiated by RefreshV2(NoUpdateAssetOptions)
[ThunderFighter] Campaign expansion generated.
UnityEngine.Debug:ExtractStackTraceNoAlloc (byte*,int,string)
UnityEngine.StackTraceUtility:ExtractStackTrace ()
UnityEngine.DebugLogHandler:Internal_Log (UnityEngine.LogType,UnityEngine.LogOption,string,UnityEngine.Object)
UnityEngine.DebugLogHandler:LogFormat (UnityEngine.LogType,UnityEngine.Object,string,object[])
UnityEngine.Logger:Log (UnityEngine.LogType,object)
UnityEngine.Debug:Log (object)
ThunderFighter.EditorSetup.CampaignExpansionSetup:Run () (at Assets/Editor/CampaignExpansionSetup.cs:102)

(Filename: Assets/Editor/CampaignExpansionSetup.cs Line: 102)

Batchmode quit successfully invoked - shutting down!
[Physics::Module] Cleanup current backned.
[Physics::Module] Id: 0xf2b8ea05
Input System module state changed to: ShutdownInProgress.
Input System polling thread exited.
Input System module state changed to: Shutdown.
[Licensing::IpcConnector] LicenseClient-86138-notifications channel disconnected successfully.
[Licensing::IpcConnector] LicenseClient-86138 channel disconnected successfully.
AcceleratorClientConnectionCallback - disconnected - :0
Cleanup mono
Exiting batchmode successfully now!
Exiting without the bug reporter. Application will terminate with return code 0